Copyright 1986-2017 Xilinx, Inc. All Rights Reserved.
-------------------------------------------------------------------------------------------
| Tool Version      : Vivado v.2017.1 (win64) Build 1846317 Fri Apr 14 18:55:03 MDT 2017
| Date              : Fri Jan  5 07:50:21 2018
| Host              : LAPTOP-QH5RPP8J running 64-bit major release  (build 9200)
| Command           : report_clock_utilization -file MIPS_CPU_clock_utilization_routed.rpt
| Design            : MIPS_CPU
| Device            : 7a100t-fgg676
| Speed File        : -2L  PRODUCTION 1.16 2016-11-09
| Temperature Grade : E
-------------------------------------------------------------------------------------------

Clock Utilization Report

Table of Contents
-----------------
1. Clock Primitive Utilization
2. Global Clock Resources
3. Global Clock Source Details
4. Local Clock Details
5. Clock Regions: Key Resource Utilization
6. Clock Regions : Global Clock Summary
7. Device Cell Placement Summary for Global Clock g0
8. Device Cell Placement Summary for Global Clock g1
9. Device Cell Placement Summary for Global Clock g2
10. Device Cell Placement Summary for Global Clock g3
11. Device Cell Placement Summary for Global Clock g4
12. Device Cell Placement Summary for Global Clock g5
13. Device Cell Placement Summary for Global Clock g6
14. Device Cell Placement Summary for Global Clock g7
15. Device Cell Placement Summary for Global Clock g8
16. Device Cell Placement Summary for Global Clock g9
17. Device Cell Placement Summary for Global Clock g10
18. Device Cell Placement Summary for Global Clock g11
19. Device Cell Placement Summary for Global Clock g12
20. Device Cell Placement Summary for Global Clock g13
21. Clock Region Cell Placement per Global Clock: Region X0Y0
22. Clock Region Cell Placement per Global Clock: Region X0Y1
23. Clock Region Cell Placement per Global Clock: Region X1Y1
24. Clock Region Cell Placement per Global Clock: Region X0Y2
25. Clock Region Cell Placement per Global Clock: Region X0Y3

1. Clock Primitive Utilization
------------------------------

+----------+------+-----------+-----+--------------+--------+
| Type     | Used | Available | LOC | Clock Region | Pblock |
+----------+------+-----------+-----+--------------+--------+
| BUFGCTRL |   14 |        32 |   0 |            0 |      0 |
| BUFH     |    0 |        96 |   0 |            0 |      0 |
| BUFIO    |    0 |        24 |   0 |            0 |      0 |
| BUFMR    |    0 |        12 |   0 |            0 |      0 |
| BUFR     |    0 |        24 |   0 |            0 |      0 |
| MMCM     |    1 |         6 |   0 |            0 |      0 |
| PLL      |    0 |         6 |   0 |            0 |      0 |
+----------+------+-----------+-----+--------------+--------+


2. Global Clock Resources
-------------------------

+-----------+-----------+-----------------+------------+----------------+--------------+-------------------+-------------+-----------------+--------------+--------------------+---------------------------+-----------------------------------+
| Global Id | Source Id | Driver Type/Pin | Constraint | Site           | Clock Region | Load Clock Region | Clock Loads | Non-Clock Loads | Clock Period | Clock              | Driver Pin                | Net                               |
+-----------+-----------+-----------------+------------+----------------+--------------+-------------------+-------------+-----------------+--------------+--------------------+---------------------------+-----------------------------------+
| g0        | src0      | BUFG/O          | None       | BUFGCTRL_X0Y16 | n/a          |                 2 |         885 |              97 |       50.000 | clk_out1_clk_wiz_0 | CLOCK/inst/clkout1_buf/O  | CLOCK/inst/clk_out1               |
| g1        | src1      | BUFG/O          | None       | BUFGCTRL_X0Y0  | n/a          |                 1 |          90 |               0 |       90.422 | clk_uart           | clk_uart_IBUF_BUFG_inst/O | clk_uart_IBUF_BUFG                |
| g2        | src2      | BUFG/O          | None       | BUFGCTRL_X0Y1  | n/a          |                 1 |          38 |               0 |       50.000 | clk_out1_clk_wiz_0 | n_1_2346_BUFG_inst/O      | n_1_2346_BUFG                     |
| g3        | src3      | BUFG/O          | None       | BUFGCTRL_X0Y2  | n/a          |                 1 |          33 |               0 |       50.000 | clk_out1_clk_wiz_0 | n_3_3431_BUFG_inst/O      | n_3_3431_BUFG                     |
| g4        | src4      | BUFG/O          | None       | BUFGCTRL_X0Y3  | n/a          |                 2 |          33 |               0 |       50.000 | clk_out1_clk_wiz_0 | n_4_3463_BUFG_inst/O      | n_4_3463_BUFG                     |
| g5        | src5      | BUFG/O          | None       | BUFGCTRL_X0Y4  | n/a          |                 1 |          32 |               0 |              |                    | n_10_113_BUFG_inst/O      | n_10_113_BUFG                     |
| g6        | src6      | BUFG/O          | None       | BUFGCTRL_X0Y5  | n/a          |                 1 |          32 |               0 |              |                    | n_2_115_BUFG_inst/O       | n_2_115_BUFG                      |
| g7        | src7      | BUFG/O          | None       | BUFGCTRL_X0Y6  | n/a          |                 1 |          32 |               0 |              |                    | n_5_2383_BUFG_inst/O      | n_5_2383_BUFG                     |
| g8        | src8      | BUFG/O          | None       | BUFGCTRL_X0Y7  | n/a          |                 1 |          32 |               0 |              |                    | n_6_2826_BUFG_inst/O      | n_6_2826_BUFG                     |
| g9        | src9      | BUFG/O          | None       | BUFGCTRL_X0Y8  | n/a          |                 2 |          32 |               0 |              |                    | n_7_2739_BUFG_inst/O      | n_7_2739_BUFG                     |
| g10       | src10     | BUFG/O          | None       | BUFGCTRL_X0Y9  | n/a          |                 1 |          32 |               0 |              |                    | n_8_2381_BUFG_inst/O      | n_8_2381_BUFG                     |
| g11       | src11     | BUFG/O          | None       | BUFGCTRL_X0Y10 | n/a          |                 1 |          32 |               0 |              |                    | n_9_2211_BUFG_inst/O      | n_9_2211_BUFG                     |
| g12       | src12     | BUFG/O          | None       | BUFGCTRL_X0Y11 | n/a          |                 1 |          20 |               0 |              |                    | n_0_2548_BUFG_inst/O      | n_0_2548_BUFG                     |
| g13       | src0      | BUFG/O          | None       | BUFGCTRL_X0Y17 | n/a          |                 1 |           1 |               0 |       20.000 | clkfbout_clk_wiz_0 | CLOCK/inst/clkf_buf/O     | CLOCK/inst/clkfbout_buf_clk_wiz_0 |
+-----------+-----------+-----------------+------------+----------------+--------------+-------------------+-------------+-----------------+--------------+--------------------+---------------------------+-----------------------------------+
* Clock Loads column represents the clock pin loads (pin count)
** Non-Clock Loads column represents the non-clock pin loads (pin count)


3. Global Clock Source Details
------------------------------

+-----------+-----------+---------------------+------------+-----------------+--------------+-------------+-----------------+---------------------+--------------------+-----------------------------------------+---------------------------------------+
| Source Id | Global Id | Driver Type/Pin     | Constraint | Site            | Clock Region | Clock Loads | Non-Clock Loads | Source Clock Period | Source Clock       | Driver Pin                              | Net                                   |
+-----------+-----------+---------------------+------------+-----------------+--------------+-------------+-----------------+---------------------+--------------------+-----------------------------------------+---------------------------------------+
| src0      | g0        | MMCME2_ADV/CLKOUT0  | None       | MMCME2_ADV_X0Y3 | X0Y3         |           1 |               0 |              50.000 | clk_out1_clk_wiz_0 | CLOCK/inst/mmcm_adv_inst/CLKOUT0        | CLOCK/inst/clk_out1_clk_wiz_0         |
| src0      | g13       | MMCME2_ADV/CLKFBOUT | None       | MMCME2_ADV_X0Y3 | X0Y3         |           1 |               0 |              20.000 | clkfbout_clk_wiz_0 | CLOCK/inst/mmcm_adv_inst/CLKFBOUT       | CLOCK/inst/clkfbout_clk_wiz_0         |
| src1      | g1        | IBUF/O              | IOB_X0Y175 | IOB_X0Y175      | X0Y3         |           1 |               0 |              90.422 | clk_uart           | clk_uart_IBUF_inst/O                    | clk_uart_IBUF                         |
| src2      | g2        | LUT6/O              | None       | SLICE_X52Y93    | X1Y1         |           1 |               0 |              50.000 | clk_out1_clk_wiz_0 | MEM_CONTROLL_0/n_1_2346_BUFG_inst_i_1/O | MEM_CONTROLL_0/n_1_2346_BUFG_inst_n_2 |
| src3      | g3        | LUT4/O              | None       | SLICE_X52Y96    | X1Y1         |           1 |               0 |              50.000 | clk_out1_clk_wiz_0 | MEM_CONTROLL_0/n_3_3431_BUFG_inst_i_1/O | MEM_CONTROLL_0/n_3_3431_BUFG_inst_n_4 |
| src4      | g4        | LUT4/O              | None       | SLICE_X52Y96    | X1Y1         |           1 |               0 |              50.000 | clk_out1_clk_wiz_0 | MEM_CONTROLL_0/n_4_3463_BUFG_inst_i_1/O | MEM_CONTROLL_0/n_4_3463_BUFG_inst_n_5 |
| src5      | g5        | LUT5/O              | None       | SLICE_X11Y73    | X0Y1         |           1 |               0 |                     |                    | IF_to_ID_0/n_10_113_BUFG_inst_i_1/O     | IF_to_ID_0/n_10_113_BUFG_inst_n_11    |
| src6      | g6        | LUT6/O              | None       | SLICE_X6Y73     | X0Y1         |           1 |               2 |                     |                    | IF_to_ID_0/n_2_115_BUFG_inst_i_1/O      | IF_to_ID_0/n_2_115_BUFG_inst_n_3      |
| src7      | g7        | LUT3/O              | None       | SLICE_X52Y93    | X1Y1         |           1 |               0 |                     |                    | MEM_CONTROLL_0/n_5_2383_BUFG_inst_i_1/O | MEM_CONTROLL_0/n_5_2383_BUFG_inst_n_6 |
| src8      | g8        | LUT4/O              | None       | SLICE_X37Y76    | X0Y1         |           1 |               0 |                     |                    | EX_to_MEM_0/n_6_2826_BUFG_inst_i_1/O    | EX_to_MEM_0/n_6_2826_BUFG_inst_n_7    |
| src9      | g9        | LUT5/O              | None       | SLICE_X52Y96    | X1Y1         |           1 |               0 |                     |                    | ID_to_EX_0/n_7_2739_BUFG_inst_i_1/O     | ID_to_EX_0/n_7_2739_BUFG_inst_n_8     |
| src10     | g10       | LUT6/O              | None       | SLICE_X52Y93    | X1Y1         |           1 |               0 |                     |                    | EX_to_MEM_0/n_8_2381_BUFG_inst_i_1/O    | EX_to_MEM_0/n_8_2381_BUFG_inst_n_9    |
| src11     | g11       | LUT6/O              | None       | SLICE_X52Y93    | X1Y1         |           1 |               0 |                     |                    | EX_0/n_9_2211_BUFG_inst_i_1/O           | EX_0/n_9_2211_BUFG_inst_n_10          |
| src12     | g12       | LUT6/O              | None       | SLICE_X3Y72     | X0Y1         |           1 |              64 |                     |                    | MEM_CONTROLL_0/n_0_2548_BUFG_inst_i_1/O | MEM_CONTROLL_0/n_0_2548_BUFG_inst_n_1 |
+-----------+-----------+---------------------+------------+-----------------+--------------+-------------+-----------------+---------------------+--------------------+-----------------------------------------+---------------------------------------+
* Clock Loads column represents the clock pin loads (pin count)
** Non-Clock Loads column represents the non-clock pin loads (pin count)


4. Local Clock Details
----------------------

+----------+-------------------+------------+----------------------------+--------------+-------------+-----------------+--------------+-------+---------------------------------+-------------------+
| Local Id | Driver Type/Pin   | Constraint | Site/BEL                   | Clock Region | Clock Loads | Non-Clock Loads | Clock Period | Clock | Driver Pin                      | Net               |
+----------+-------------------+------------+----------------------------+--------------+-------------+-----------------+--------------+-------+---------------------------------+-------------------+
| 0        | MMCME2_ADV/LOCKED | None       | MMCME2_ADV_X0Y3/MMCME2_ADV | X0Y3         |          35 |             602 |              |       | CLOCK/inst/mmcm_adv_inst/LOCKED | CLOCK/inst/locked |
+----------+-------------------+------------+----------------------------+--------------+-------------+-----------------+--------------+-------+---------------------------------+-------------------+
* Local Clocks in this context represents only clocks driven by non-global buffers
** Clock Loads column represents the clock pin loads (pin count)
*** Non-Clock Loads column represents the non-clock pin loads (pin count)


5. Clock Regions: Key Resource Utilization
------------------------------------------

+-------------------+--------------+--------------+--------------+--------------+--------------+--------------+--------------+--------------+--------------+--------------+--------------+--------------+--------------+--------------+--------------+
|                   | Global Clock |     BUFRs    |    BUFMRs    |    BUFIOs    |     MMCM     |      PLL     |      GT      |      PCI     |    ILOGIC    |    OLOGIC    |      FF      |     LUTM     |    RAMB18    |    RAMB36    |    DSP48E2   |
+-------------------+------+-------+------+-------+------+-------+------+-------+------+-------+------+-------+------+-------+------+-------+------+-------+------+-------+------+-------+------+-------+------+-------+------+-------+------+-------+
| Clock Region Name | Used | Avail | Used | Avail | Used | Avail | Used | Avail | Used | Avail | Used | Avail | Used | Avail | Used | Avail | Used | Avail | Used | Avail | Used | Avail | Used | Avail | Used | Avail | Used | Avail | Used | Avail |
+-------------------+------+-------+------+-------+------+-------+------+-------+------+-------+------+-------+------+-------+------+-------+------+-------+------+-------+------+-------+------+-------+------+-------+------+-------+------+-------+
| X0Y0              |    2 |    12 |    0 |     4 |    0 |     2 |    0 |     4 |    0 |     1 |    0 |     1 |    0 |     0 |    0 |     0 |    0 |    50 |    0 |    50 |    0 |  2600 |    1 |   600 |    0 |    20 |    0 |    10 |    0 |    20 |
| X1Y0              |    0 |    12 |    0 |     0 |    0 |     0 |    0 |     0 |    0 |     0 |    0 |     0 |    0 |     4 |    0 |     0 |    0 |     0 |    0 |     0 |    0 |  1500 |    0 |   550 |    0 |    40 |    0 |    20 |    0 |    40 |
| X0Y1              |   12 |    12 |    0 |     4 |    0 |     2 |    0 |     4 |    0 |     1 |    0 |     1 |    0 |     0 |    0 |     0 |    0 |    50 |    0 |    50 |  959 |  2000 |  685 |   600 |    0 |    20 |    0 |    10 |    4 |    20 |
| X1Y1              |    1 |    12 |    0 |     4 |    0 |     2 |    0 |     4 |    0 |     1 |    0 |     1 |    0 |     0 |    0 |     0 |    0 |    50 |    0 |    50 |    0 |  1900 |    0 |   650 |    0 |    60 |    0 |    30 |    0 |    40 |
| X0Y2              |    1 |    12 |    0 |     4 |    0 |     2 |    0 |     4 |    0 |     1 |    0 |     1 |    0 |     0 |    0 |     0 |    0 |    50 |    0 |    50 |    0 |  2000 |    8 |   600 |    0 |    20 |    0 |    10 |    0 |    20 |
| X1Y2              |    0 |    12 |    0 |     4 |    0 |     2 |    0 |     4 |    0 |     1 |    0 |     1 |    0 |     0 |    0 |     0 |    0 |    50 |    0 |    50 |    0 |  1900 |    0 |   650 |    0 |    60 |    0 |    30 |    0 |    40 |
| X0Y3              |    1 |    12 |    0 |     4 |    0 |     2 |    0 |     4 |    1 |     1 |    0 |     1 |    0 |     0 |    0 |     0 |    0 |    50 |    0 |    50 |    0 |  2600 |    0 |   600 |    0 |    20 |    0 |    10 |    0 |    20 |
| X1Y3              |    0 |    12 |    0 |     0 |    0 |     0 |    0 |     0 |    0 |     0 |    0 |     0 |    0 |     4 |    0 |     1 |    0 |     0 |    0 |     0 |    0 |  1350 |    0 |   500 |    0 |    30 |    0 |    15 |    0 |    40 |
+-------------------+------+-------+------+-------+------+-------+------+-------+------+-------+------+-------+------+-------+------+-------+------+-------+------+-------+------+-------+------+-------+------+-------+------+-------+------+-------+
* Global Clock column represents track count; while other columns represents cell counts


6. Clock Regions : Global Clock Summary
---------------------------------------

+----+----+----+
|    | X0 | X1 |
+----+----+----+
| Y3 |  1 |  0 |
| Y2 |  1 |  0 |
| Y1 | 12 |  1 |
| Y0 |  2 |  0 |
+----+----+----+


7. Device Cell Placement Summary for Global Clock g0
----------------------------------------------------

+-----------+-----------------+-------------------+--------------------+-------------+----------------+-------------+----------+----------------+----------+---------------------+
| Global Id | Driver Type/Pin | Driver Region (D) | Clock              | Period (ns) | Waveform (ns)  | Slice Loads | IO Loads | Clocking Loads | GT Loads | Net                 |
+-----------+-----------------+-------------------+--------------------+-------------+----------------+-------------+----------+----------------+----------+---------------------+
| g0        | BUFG/O          | n/a               | clk_out1_clk_wiz_0 |      50.000 | {0.000 25.000} |         970 |        0 |              0 |        0 | CLOCK/inst/clk_out1 |
+-----------+-----------------+-------------------+--------------------+-------------+----------------+-------------+----------+----------------+----------+---------------------+
* Logic Loads column represents load cell count of all cell types other than IO, GT and clock resources
** IO Loads column represents load cell count of IO types
*** Clocking Loads column represents load cell count that are clock resources (global clock buffer, MMCM, PLL, etc)
**** GT Loads column represents load cell count of GT types


+----+------+----+
|    | X0   | X1 |
+----+------+----+
| Y3 |    0 |  0 |
| Y2 |    0 |  0 |
| Y1 |  967 |  3 |
| Y0 |    0 |  0 |
+----+------+----+


8. Device Cell Placement Summary for Global Clock g1
----------------------------------------------------

+-----------+-----------------+-------------------+----------+-------------+----------------+-------------+----------+----------------+----------+--------------------+
| Global Id | Driver Type/Pin | Driver Region (D) | Clock    | Period (ns) | Waveform (ns)  | Slice Loads | IO Loads | Clocking Loads | GT Loads | Net                |
+-----------+-----------------+-------------------+----------+-------------+----------------+-------------+----------+----------------+----------+--------------------+
| g1        | BUFG/O          | n/a               | clk_uart |      90.422 | {0.000 45.211} |          90 |        0 |              0 |        0 | clk_uart_IBUF_BUFG |
+-----------+-----------------+-------------------+----------+-------------+----------------+-------------+----------+----------------+----------+--------------------+
* Logic Loads column represents load cell count of all cell types other than IO, GT and clock resources
** IO Loads column represents load cell count of IO types
*** Clocking Loads column represents load cell count that are clock resources (global clock buffer, MMCM, PLL, etc)
**** GT Loads column represents load cell count of GT types


+----+-----+----+
|    | X0  | X1 |
+----+-----+----+
| Y3 |   0 |  0 |
| Y2 |   0 |  0 |
| Y1 |  90 |  0 |
| Y0 |   0 |  0 |
+----+-----+----+


9. Device Cell Placement Summary for Global Clock g2
----------------------------------------------------

+-----------+-----------------+-------------------+--------------------+-------------+----------------+-------------+----------+----------------+----------+---------------+
| Global Id | Driver Type/Pin | Driver Region (D) | Clock              | Period (ns) | Waveform (ns)  | Slice Loads | IO Loads | Clocking Loads | GT Loads | Net           |
+-----------+-----------------+-------------------+--------------------+-------------+----------------+-------------+----------+----------------+----------+---------------+
| g2        | BUFG/O          | n/a               | clk_out1_clk_wiz_0 |      50.000 | {0.000 25.000} |          38 |        0 |              0 |        0 | n_1_2346_BUFG |
+-----------+-----------------+-------------------+--------------------+-------------+----------------+-------------+----------+----------------+----------+---------------+
* Logic Loads column represents load cell count of all cell types other than IO, GT and clock resources
** IO Loads column represents load cell count of IO types
*** Clocking Loads column represents load cell count that are clock resources (global clock buffer, MMCM, PLL, etc)
**** GT Loads column represents load cell count of GT types


+----+-----+----+
|    | X0  | X1 |
+----+-----+----+
| Y3 |   0 |  0 |
| Y2 |   0 |  0 |
| Y1 |  38 |  0 |
| Y0 |   0 |  0 |
+----+-----+----+


10. Device Cell Placement Summary for Global Clock g3
-----------------------------------------------------

+-----------+-----------------+-------------------+--------------------+-------------+----------------+-------------+----------+----------------+----------+---------------+
| Global Id | Driver Type/Pin | Driver Region (D) | Clock              | Period (ns) | Waveform (ns)  | Slice Loads | IO Loads | Clocking Loads | GT Loads | Net           |
+-----------+-----------------+-------------------+--------------------+-------------+----------------+-------------+----------+----------------+----------+---------------+
| g3        | BUFG/O          | n/a               | clk_out1_clk_wiz_0 |      50.000 | {0.000 25.000} |          33 |        0 |              0 |        0 | n_3_3431_BUFG |
+-----------+-----------------+-------------------+--------------------+-------------+----------------+-------------+----------+----------------+----------+---------------+
* Logic Loads column represents load cell count of all cell types other than IO, GT and clock resources
** IO Loads column represents load cell count of IO types
*** Clocking Loads column represents load cell count that are clock resources (global clock buffer, MMCM, PLL, etc)
**** GT Loads column represents load cell count of GT types


+----+-----+----+
|    | X0  | X1 |
+----+-----+----+
| Y3 |   0 |  0 |
| Y2 |   0 |  0 |
| Y1 |  33 |  0 |
| Y0 |   0 |  0 |
+----+-----+----+


11. Device Cell Placement Summary for Global Clock g4
-----------------------------------------------------

+-----------+-----------------+-------------------+--------------------+-------------+----------------+-------------+----------+----------------+----------+---------------+
| Global Id | Driver Type/Pin | Driver Region (D) | Clock              | Period (ns) | Waveform (ns)  | Slice Loads | IO Loads | Clocking Loads | GT Loads | Net           |
+-----------+-----------------+-------------------+--------------------+-------------+----------------+-------------+----------+----------------+----------+---------------+
| g4        | BUFG/O          | n/a               | clk_out1_clk_wiz_0 |      50.000 | {0.000 25.000} |          33 |        0 |              0 |        0 | n_4_3463_BUFG |
+-----------+-----------------+-------------------+--------------------+-------------+----------------+-------------+----------+----------------+----------+---------------+
* Logic Loads column represents load cell count of all cell types other than IO, GT and clock resources
** IO Loads column represents load cell count of IO types
*** Clocking Loads column represents load cell count that are clock resources (global clock buffer, MMCM, PLL, etc)
**** GT Loads column represents load cell count of GT types


+----+-----+----+
|    | X0  | X1 |
+----+-----+----+
| Y3 |   0 |  0 |
| Y2 |   0 |  0 |
| Y1 |  27 |  0 |
| Y0 |   6 |  0 |
+----+-----+----+


12. Device Cell Placement Summary for Global Clock g5
-----------------------------------------------------

+-----------+-----------------+-------------------+-------+-------------+---------------+-------------+----------+----------------+----------+---------------+
| Global Id | Driver Type/Pin | Driver Region (D) | Clock | Period (ns) | Waveform (ns) | Slice Loads | IO Loads | Clocking Loads | GT Loads | Net           |
+-----------+-----------------+-------------------+-------+-------------+---------------+-------------+----------+----------------+----------+---------------+
| g5        | BUFG/O          | n/a               |       |             |               |          32 |        0 |              0 |        0 | n_10_113_BUFG |
+-----------+-----------------+-------------------+-------+-------------+---------------+-------------+----------+----------------+----------+---------------+
* Logic Loads column represents load cell count of all cell types other than IO, GT and clock resources
** IO Loads column represents load cell count of IO types
*** Clocking Loads column represents load cell count that are clock resources (global clock buffer, MMCM, PLL, etc)
**** GT Loads column represents load cell count of GT types


+----+-----+----+
|    | X0  | X1 |
+----+-----+----+
| Y3 |   0 |  0 |
| Y2 |   0 |  0 |
| Y1 |  32 |  0 |
| Y0 |   0 |  0 |
+----+-----+----+


13. Device Cell Placement Summary for Global Clock g6
-----------------------------------------------------

+-----------+-----------------+-------------------+-------+-------------+---------------+-------------+----------+----------------+----------+--------------+
| Global Id | Driver Type/Pin | Driver Region (D) | Clock | Period (ns) | Waveform (ns) | Slice Loads | IO Loads | Clocking Loads | GT Loads | Net          |
+-----------+-----------------+-------------------+-------+-------------+---------------+-------------+----------+----------------+----------+--------------+
| g6        | BUFG/O          | n/a               |       |             |               |          32 |        0 |              0 |        0 | n_2_115_BUFG |
+-----------+-----------------+-------------------+-------+-------------+---------------+-------------+----------+----------------+----------+--------------+
* Logic Loads column represents load cell count of all cell types other than IO, GT and clock resources
** IO Loads column represents load cell count of IO types
*** Clocking Loads column represents load cell count that are clock resources (global clock buffer, MMCM, PLL, etc)
**** GT Loads column represents load cell count of GT types


+----+-----+----+
|    | X0  | X1 |
+----+-----+----+
| Y3 |   0 |  0 |
| Y2 |   0 |  0 |
| Y1 |  32 |  0 |
| Y0 |   0 |  0 |
+----+-----+----+


14. Device Cell Placement Summary for Global Clock g7
-----------------------------------------------------

+-----------+-----------------+-------------------+-------+-------------+---------------+-------------+----------+----------------+----------+---------------+
| Global Id | Driver Type/Pin | Driver Region (D) | Clock | Period (ns) | Waveform (ns) | Slice Loads | IO Loads | Clocking Loads | GT Loads | Net           |
+-----------+-----------------+-------------------+-------+-------------+---------------+-------------+----------+----------------+----------+---------------+
| g7        | BUFG/O          | n/a               |       |             |               |          32 |        0 |              0 |        0 | n_5_2383_BUFG |
+-----------+-----------------+-------------------+-------+-------------+---------------+-------------+----------+----------------+----------+---------------+
* Logic Loads column represents load cell count of all cell types other than IO, GT and clock resources
** IO Loads column represents load cell count of IO types
*** Clocking Loads column represents load cell count that are clock resources (global clock buffer, MMCM, PLL, etc)
**** GT Loads column represents load cell count of GT types


+----+-----+----+
|    | X0  | X1 |
+----+-----+----+
| Y3 |   0 |  0 |
| Y2 |   0 |  0 |
| Y1 |  32 |  0 |
| Y0 |   0 |  0 |
+----+-----+----+


15. Device Cell Placement Summary for Global Clock g8
-----------------------------------------------------

+-----------+-----------------+-------------------+-------+-------------+---------------+-------------+----------+----------------+----------+---------------+
| Global Id | Driver Type/Pin | Driver Region (D) | Clock | Period (ns) | Waveform (ns) | Slice Loads | IO Loads | Clocking Loads | GT Loads | Net           |
+-----------+-----------------+-------------------+-------+-------------+---------------+-------------+----------+----------------+----------+---------------+
| g8        | BUFG/O          | n/a               |       |             |               |          32 |        0 |              0 |        0 | n_6_2826_BUFG |
+-----------+-----------------+-------------------+-------+-------------+---------------+-------------+----------+----------------+----------+---------------+
* Logic Loads column represents load cell count of all cell types other than IO, GT and clock resources
** IO Loads column represents load cell count of IO types
*** Clocking Loads column represents load cell count that are clock resources (global clock buffer, MMCM, PLL, etc)
**** GT Loads column represents load cell count of GT types


+----+-----+----+
|    | X0  | X1 |
+----+-----+----+
| Y3 |   0 |  0 |
| Y2 |   0 |  0 |
| Y1 |  32 |  0 |
| Y0 |   0 |  0 |
+----+-----+----+


16. Device Cell Placement Summary for Global Clock g9
-----------------------------------------------------

+-----------+-----------------+-------------------+-------+-------------+---------------+-------------+----------+----------------+----------+---------------+
| Global Id | Driver Type/Pin | Driver Region (D) | Clock | Period (ns) | Waveform (ns) | Slice Loads | IO Loads | Clocking Loads | GT Loads | Net           |
+-----------+-----------------+-------------------+-------+-------------+---------------+-------------+----------+----------------+----------+---------------+
| g9        | BUFG/O          | n/a               |       |             |               |          32 |        0 |              0 |        0 | n_7_2739_BUFG |
+-----------+-----------------+-------------------+-------+-------------+---------------+-------------+----------+----------------+----------+---------------+
* Logic Loads column represents load cell count of all cell types other than IO, GT and clock resources
** IO Loads column represents load cell count of IO types
*** Clocking Loads column represents load cell count that are clock resources (global clock buffer, MMCM, PLL, etc)
**** GT Loads column represents load cell count of GT types


+----+-----+----+
|    | X0  | X1 |
+----+-----+----+
| Y3 |   0 |  0 |
| Y2 |   0 |  0 |
| Y1 |  31 |  0 |
| Y0 |   1 |  0 |
+----+-----+----+


17. Device Cell Placement Summary for Global Clock g10
------------------------------------------------------

+-----------+-----------------+-------------------+-------+-------------+---------------+-------------+----------+----------------+----------+---------------+
| Global Id | Driver Type/Pin | Driver Region (D) | Clock | Period (ns) | Waveform (ns) | Slice Loads | IO Loads | Clocking Loads | GT Loads | Net           |
+-----------+-----------------+-------------------+-------+-------------+---------------+-------------+----------+----------------+----------+---------------+
| g10       | BUFG/O          | n/a               |       |             |               |          32 |        0 |              0 |        0 | n_8_2381_BUFG |
+-----------+-----------------+-------------------+-------+-------------+---------------+-------------+----------+----------------+----------+---------------+
* Logic Loads column represents load cell count of all cell types other than IO, GT and clock resources
** IO Loads column represents load cell count of IO types
*** Clocking Loads column represents load cell count that are clock resources (global clock buffer, MMCM, PLL, etc)
**** GT Loads column represents load cell count of GT types


+----+-----+----+
|    | X0  | X1 |
+----+-----+----+
| Y3 |   0 |  0 |
| Y2 |   0 |  0 |
| Y1 |  32 |  0 |
| Y0 |   0 |  0 |
+----+-----+----+


18. Device Cell Placement Summary for Global Clock g11
------------------------------------------------------

+-----------+-----------------+-------------------+-------+-------------+---------------+-------------+----------+----------------+----------+---------------+
| Global Id | Driver Type/Pin | Driver Region (D) | Clock | Period (ns) | Waveform (ns) | Slice Loads | IO Loads | Clocking Loads | GT Loads | Net           |
+-----------+-----------------+-------------------+-------+-------------+---------------+-------------+----------+----------------+----------+---------------+
| g11       | BUFG/O          | n/a               |       |             |               |          32 |        0 |              0 |        0 | n_9_2211_BUFG |
+-----------+-----------------+-------------------+-------+-------------+---------------+-------------+----------+----------------+----------+---------------+
* Logic Loads column represents load cell count of all cell types other than IO, GT and clock resources
** IO Loads column represents load cell count of IO types
*** Clocking Loads column represents load cell count that are clock resources (global clock buffer, MMCM, PLL, etc)
**** GT Loads column represents load cell count of GT types


+----+-----+----+
|    | X0  | X1 |
+----+-----+----+
| Y3 |   0 |  0 |
| Y2 |   0 |  0 |
| Y1 |  32 |  0 |
| Y0 |   0 |  0 |
+----+-----+----+


19. Device Cell Placement Summary for Global Clock g12
------------------------------------------------------

+-----------+-----------------+-------------------+-------+-------------+---------------+-------------+----------+----------------+----------+---------------+
| Global Id | Driver Type/Pin | Driver Region (D) | Clock | Period (ns) | Waveform (ns) | Slice Loads | IO Loads | Clocking Loads | GT Loads | Net           |
+-----------+-----------------+-------------------+-------+-------------+---------------+-------------+----------+----------------+----------+---------------+
| g12       | BUFG/O          | n/a               |       |             |               |          20 |        0 |              0 |        0 | n_0_2548_BUFG |
+-----------+-----------------+-------------------+-------+-------------+---------------+-------------+----------+----------------+----------+---------------+
* Logic Loads column represents load cell count of all cell types other than IO, GT and clock resources
** IO Loads column represents load cell count of IO types
*** Clocking Loads column represents load cell count that are clock resources (global clock buffer, MMCM, PLL, etc)
**** GT Loads column represents load cell count of GT types


+----+-----+----+
|    | X0  | X1 |
+----+-----+----+
| Y3 |   0 |  0 |
| Y2 |  20 |  0 |
| Y1 |   0 |  0 |
| Y0 |   0 |  0 |
+----+-----+----+


20. Device Cell Placement Summary for Global Clock g13
------------------------------------------------------

+-----------+-----------------+-------------------+--------------------+-------------+----------------+-------------+----------+----------------+----------+-----------------------------------+
| Global Id | Driver Type/Pin | Driver Region (D) | Clock              | Period (ns) | Waveform (ns)  | Slice Loads | IO Loads | Clocking Loads | GT Loads | Net                               |
+-----------+-----------------+-------------------+--------------------+-------------+----------------+-------------+----------+----------------+----------+-----------------------------------+
| g13       | BUFG/O          | n/a               | clkfbout_clk_wiz_0 |      20.000 | {0.000 10.000} |           0 |        0 |              1 |        0 | CLOCK/inst/clkfbout_buf_clk_wiz_0 |
+-----------+-----------------+-------------------+--------------------+-------------+----------------+-------------+----------+----------------+----------+-----------------------------------+
* Logic Loads column represents load cell count of all cell types other than IO, GT and clock resources
** IO Loads column represents load cell count of IO types
*** Clocking Loads column represents load cell count that are clock resources (global clock buffer, MMCM, PLL, etc)
**** GT Loads column represents load cell count of GT types


+----+----+----+
|    | X0 | X1 |
+----+----+----+
| Y3 |  1 |  0 |
| Y2 |  0 |  0 |
| Y1 |  0 |  0 |
| Y0 |  0 |  0 |
+----+----+----+


21. Clock Region Cell Placement per Global Clock: Region X0Y0
-------------------------------------------------------------

+-----------+-------+-----------------+------------+-------------+-----------------+----+--------+------+-----+----+------+-----+---------+---------------+
| Global Id | Track | Driver Type/Pin | Constraint | Clock Loads | Non-Clock Loads | FF | LUTRAM | RAMB | DSP | GT | MMCM | PLL | Hard IP | Net           |
+-----------+-------+-----------------+------------+-------------+-----------------+----+--------+------+-----+----+------+-----+---------+---------------+
| g4        | n/a   | BUFG/O          | None       |           6 |               0 |  0 |      0 |    0 |   0 |  0 |    0 |   0 |       0 | n_4_3463_BUFG |
| g9        | n/a   | BUFG/O          | None       |           1 |               0 |  0 |      0 |    0 |   0 |  0 |    0 |   0 |       0 | n_7_2739_BUFG |
+-----------+-------+-----------------+------------+-------------+-----------------+----+--------+------+-----+----+------+-----+---------+---------------+
* Clock Loads column represents the clock pin loads (pin count)
** Non-Clock Loads column represents the non-clock pin loads (pin count)
*** Columns FF, LUTRAM, RAMB through 'Hard IP' represents load cell counts


22. Clock Region Cell Placement per Global Clock: Region X0Y1
-------------------------------------------------------------

+-----------+-------+-----------------+------------+-------------+-----------------+-----+--------+------+-----+----+------+-----+---------+---------------------+
| Global Id | Track | Driver Type/Pin | Constraint | Clock Loads | Non-Clock Loads | FF  | LUTRAM | RAMB | DSP | GT | MMCM | PLL | Hard IP | Net                 |
+-----------+-------+-----------------+------------+-------------+-----------------+-----+--------+------+-----+----+------+-----+---------+---------------------+
| g0        | n/a   | BUFG/O          | None       |         873 |              94 | 869 |      0 |    0 |   4 |  0 |    0 |   0 |       0 | CLOCK/inst/clk_out1 |
| g1        | n/a   | BUFG/O          | None       |          90 |               0 |  90 |      0 |    0 |   0 |  0 |    0 |   0 |       0 | clk_uart_IBUF_BUFG  |
| g2        | n/a   | BUFG/O          | None       |          38 |               0 |   0 |      0 |    0 |   0 |  0 |    0 |   0 |       0 | n_1_2346_BUFG       |
| g3        | n/a   | BUFG/O          | None       |          33 |               0 |   0 |      0 |    0 |   0 |  0 |    0 |   0 |       0 | n_3_3431_BUFG       |
| g4        | n/a   | BUFG/O          | None       |          27 |               0 |   0 |      0 |    0 |   0 |  0 |    0 |   0 |       0 | n_4_3463_BUFG       |
| g5        | n/a   | BUFG/O          | None       |          32 |               0 |   0 |      0 |    0 |   0 |  0 |    0 |   0 |       0 | n_10_113_BUFG       |
| g6        | n/a   | BUFG/O          | None       |          32 |               0 |   0 |      0 |    0 |   0 |  0 |    0 |   0 |       0 | n_2_115_BUFG        |
| g7        | n/a   | BUFG/O          | None       |          32 |               0 |   0 |      0 |    0 |   0 |  0 |    0 |   0 |       0 | n_5_2383_BUFG       |
| g8        | n/a   | BUFG/O          | None       |          32 |               0 |   0 |      0 |    0 |   0 |  0 |    0 |   0 |       0 | n_6_2826_BUFG       |
| g9        | n/a   | BUFG/O          | None       |          31 |               0 |   0 |      0 |    0 |   0 |  0 |    0 |   0 |       0 | n_7_2739_BUFG       |
| g10       | n/a   | BUFG/O          | None       |          32 |               0 |   0 |      0 |    0 |   0 |  0 |    0 |   0 |       0 | n_8_2381_BUFG       |
| g11       | n/a   | BUFG/O          | None       |          32 |               0 |   0 |      0 |    0 |   0 |  0 |    0 |   0 |       0 | n_9_2211_BUFG       |
+-----------+-------+-----------------+------------+-------------+-----------------+-----+--------+------+-----+----+------+-----+---------+---------------------+
* Clock Loads column represents the clock pin loads (pin count)
** Non-Clock Loads column represents the non-clock pin loads (pin count)
*** Columns FF, LUTRAM, RAMB through 'Hard IP' represents load cell counts


23. Clock Region Cell Placement per Global Clock: Region X1Y1
-------------------------------------------------------------

+-----------+-------+-----------------+------------+-------------+-----------------+----+--------+------+-----+----+------+-----+---------+---------------------+
| Global Id | Track | Driver Type/Pin | Constraint | Clock Loads | Non-Clock Loads | FF | LUTRAM | RAMB | DSP | GT | MMCM | PLL | Hard IP | Net                 |
+-----------+-------+-----------------+------------+-------------+-----------------+----+--------+------+-----+----+------+-----+---------+---------------------+
| g0        | n/a   | BUFG/O          | None       |           0 |               3 |  0 |      0 |    0 |   0 |  0 |    0 |   0 |       0 | CLOCK/inst/clk_out1 |
+-----------+-------+-----------------+------------+-------------+-----------------+----+--------+------+-----+----+------+-----+---------+---------------------+
* Clock Loads column represents the clock pin loads (pin count)
** Non-Clock Loads column represents the non-clock pin loads (pin count)
*** Columns FF, LUTRAM, RAMB through 'Hard IP' represents load cell counts


24. Clock Region Cell Placement per Global Clock: Region X0Y2
-------------------------------------------------------------

+-----------+-------+-----------------+------------+-------------+-----------------+----+--------+------+-----+----+------+-----+---------+---------------+
| Global Id | Track | Driver Type/Pin | Constraint | Clock Loads | Non-Clock Loads | FF | LUTRAM | RAMB | DSP | GT | MMCM | PLL | Hard IP | Net           |
+-----------+-------+-----------------+------------+-------------+-----------------+----+--------+------+-----+----+------+-----+---------+---------------+
| g12       | n/a   | BUFG/O          | None       |          20 |               0 |  0 |      0 |    0 |   0 |  0 |    0 |   0 |       0 | n_0_2548_BUFG |
+-----------+-------+-----------------+------------+-------------+-----------------+----+--------+------+-----+----+------+-----+---------+---------------+
* Clock Loads column represents the clock pin loads (pin count)
** Non-Clock Loads column represents the non-clock pin loads (pin count)
*** Columns FF, LUTRAM, RAMB through 'Hard IP' represents load cell counts


25. Clock Region Cell Placement per Global Clock: Region X0Y3
-------------------------------------------------------------

+-----------+-------+-----------------+------------+-------------+-----------------+----+--------+------+-----+----+------+-----+---------+-----------------------------------+
| Global Id | Track | Driver Type/Pin | Constraint | Clock Loads | Non-Clock Loads | FF | LUTRAM | RAMB | DSP | GT | MMCM | PLL | Hard IP | Net                               |
+-----------+-------+-----------------+------------+-------------+-----------------+----+--------+------+-----+----+------+-----+---------+-----------------------------------+
| g13       | n/a   | BUFG/O          | None       |           1 |               0 |  0 |      0 |    0 |   0 |  0 |    1 |   0 |       0 | CLOCK/inst/clkfbout_buf_clk_wiz_0 |
+-----------+-------+-----------------+------------+-------------+-----------------+----+--------+------+-----+----+------+-----+---------+-----------------------------------+
* Clock Loads column represents the clock pin loads (pin count)
** Non-Clock Loads column represents the non-clock pin loads (pin count)
*** Columns FF, LUTRAM, RAMB through 'Hard IP' represents load cell counts



# Location of BUFG Primitives 
set_property LOC BUFGCTRL_X0Y10 [get_cells n_9_2211_BUFG_inst]
set_property LOC BUFGCTRL_X0Y9 [get_cells n_8_2381_BUFG_inst]
set_property LOC BUFGCTRL_X0Y8 [get_cells n_7_2739_BUFG_inst]
set_property LOC BUFGCTRL_X0Y7 [get_cells n_6_2826_BUFG_inst]
set_property LOC BUFGCTRL_X0Y6 [get_cells n_5_2383_BUFG_inst]
set_property LOC BUFGCTRL_X0Y3 [get_cells n_4_3463_BUFG_inst]
set_property LOC BUFGCTRL_X0Y2 [get_cells n_3_3431_BUFG_inst]
set_property LOC BUFGCTRL_X0Y5 [get_cells n_2_115_BUFG_inst]
set_property LOC BUFGCTRL_X0Y1 [get_cells n_1_2346_BUFG_inst]
set_property LOC BUFGCTRL_X0Y4 [get_cells n_10_113_BUFG_inst]
set_property LOC BUFGCTRL_X0Y11 [get_cells n_0_2548_BUFG_inst]
set_property LOC BUFGCTRL_X0Y0 [get_cells clk_uart_IBUF_BUFG_inst]
set_property LOC BUFGCTRL_X0Y17 [get_cells CLOCK/inst/clkf_buf]
set_property LOC BUFGCTRL_X0Y16 [get_cells CLOCK/inst/clkout1_buf]

# Location of IO Primitives which is load of clock spine

# Location of clock ports
set_property LOC IOB_X0Y176 [get_ports clk]
set_property LOC IOB_X0Y175 [get_ports clk_uart]

# Clock net "n_9_2211_BUFG" driven by instance "n_9_2211_BUFG_inst" located at site "BUFGCTRL_X0Y10"
#startgroup
create_pblock {CLKAG_n_9_2211_BUFG}
add_cells_to_pblock [get_pblocks  {CLKAG_n_9_2211_BUFG}] [get_cells -filter { PRIMITIVE_GROUP != I/O && IS_PRIMITIVE==1 && PRIMITIVE_LEVEL !=INTERNAL } -of_object [get_pins -filter {DIRECTION==IN} -of_objects [get_nets -hierarchical -filter {PARENT=="n_9_2211_BUFG"}]]]
resize_pblock [get_pblocks {CLKAG_n_9_2211_BUFG}] -add {CLOCKREGION_X0Y1:CLOCKREGION_X0Y1}
#endgroup

# Clock net "n_8_2381_BUFG" driven by instance "n_8_2381_BUFG_inst" located at site "BUFGCTRL_X0Y9"
#startgroup
create_pblock {CLKAG_n_8_2381_BUFG}
add_cells_to_pblock [get_pblocks  {CLKAG_n_8_2381_BUFG}] [get_cells -filter { PRIMITIVE_GROUP != I/O && IS_PRIMITIVE==1 && PRIMITIVE_LEVEL !=INTERNAL } -of_object [get_pins -filter {DIRECTION==IN} -of_objects [get_nets -hierarchical -filter {PARENT=="n_8_2381_BUFG"}]]]
resize_pblock [get_pblocks {CLKAG_n_8_2381_BUFG}] -add {CLOCKREGION_X0Y1:CLOCKREGION_X0Y1}
#endgroup

# Clock net "n_7_2739_BUFG" driven by instance "n_7_2739_BUFG_inst" located at site "BUFGCTRL_X0Y8"
#startgroup
create_pblock {CLKAG_n_7_2739_BUFG}
add_cells_to_pblock [get_pblocks  {CLKAG_n_7_2739_BUFG}] [get_cells -filter { PRIMITIVE_GROUP != I/O && IS_PRIMITIVE==1 && PRIMITIVE_LEVEL !=INTERNAL } -of_object [get_pins -filter {DIRECTION==IN} -of_objects [get_nets -hierarchical -filter {PARENT=="n_7_2739_BUFG"}]]]
resize_pblock [get_pblocks {CLKAG_n_7_2739_BUFG}] -add {CLOCKREGION_X0Y0:CLOCKREGION_X0Y0 CLOCKREGION_X0Y1:CLOCKREGION_X0Y1}
#endgroup

# Clock net "n_6_2826_BUFG" driven by instance "n_6_2826_BUFG_inst" located at site "BUFGCTRL_X0Y7"
#startgroup
create_pblock {CLKAG_n_6_2826_BUFG}
add_cells_to_pblock [get_pblocks  {CLKAG_n_6_2826_BUFG}] [get_cells -filter { PRIMITIVE_GROUP != I/O && IS_PRIMITIVE==1 && PRIMITIVE_LEVEL !=INTERNAL } -of_object [get_pins -filter {DIRECTION==IN} -of_objects [get_nets -hierarchical -filter {PARENT=="n_6_2826_BUFG"}]]]
resize_pblock [get_pblocks {CLKAG_n_6_2826_BUFG}] -add {CLOCKREGION_X0Y1:CLOCKREGION_X0Y1}
#endgroup

# Clock net "n_5_2383_BUFG" driven by instance "n_5_2383_BUFG_inst" located at site "BUFGCTRL_X0Y6"
#startgroup
create_pblock {CLKAG_n_5_2383_BUFG}
add_cells_to_pblock [get_pblocks  {CLKAG_n_5_2383_BUFG}] [get_cells -filter { PRIMITIVE_GROUP != I/O && IS_PRIMITIVE==1 && PRIMITIVE_LEVEL !=INTERNAL } -of_object [get_pins -filter {DIRECTION==IN} -of_objects [get_nets -hierarchical -filter {PARENT=="n_5_2383_BUFG"}]]]
resize_pblock [get_pblocks {CLKAG_n_5_2383_BUFG}] -add {CLOCKREGION_X0Y1:CLOCKREGION_X0Y1}
#endgroup

# Clock net "n_4_3463_BUFG" driven by instance "n_4_3463_BUFG_inst" located at site "BUFGCTRL_X0Y3"
#startgroup
create_pblock {CLKAG_n_4_3463_BUFG}
add_cells_to_pblock [get_pblocks  {CLKAG_n_4_3463_BUFG}] [get_cells -filter { PRIMITIVE_GROUP != I/O && IS_PRIMITIVE==1 && PRIMITIVE_LEVEL !=INTERNAL } -of_object [get_pins -filter {DIRECTION==IN} -of_objects [get_nets -hierarchical -filter {PARENT=="n_4_3463_BUFG"}]]]
resize_pblock [get_pblocks {CLKAG_n_4_3463_BUFG}] -add {CLOCKREGION_X0Y0:CLOCKREGION_X0Y0 CLOCKREGION_X0Y1:CLOCKREGION_X0Y1}
#endgroup

# Clock net "n_3_3431_BUFG" driven by instance "n_3_3431_BUFG_inst" located at site "BUFGCTRL_X0Y2"
#startgroup
create_pblock {CLKAG_n_3_3431_BUFG}
add_cells_to_pblock [get_pblocks  {CLKAG_n_3_3431_BUFG}] [get_cells -filter { PRIMITIVE_GROUP != I/O && IS_PRIMITIVE==1 && PRIMITIVE_LEVEL !=INTERNAL } -of_object [get_pins -filter {DIRECTION==IN} -of_objects [get_nets -hierarchical -filter {PARENT=="n_3_3431_BUFG"}]]]
resize_pblock [get_pblocks {CLKAG_n_3_3431_BUFG}] -add {CLOCKREGION_X0Y1:CLOCKREGION_X0Y1}
#endgroup

# Clock net "n_2_115_BUFG" driven by instance "n_2_115_BUFG_inst" located at site "BUFGCTRL_X0Y5"
#startgroup
create_pblock {CLKAG_n_2_115_BUFG}
add_cells_to_pblock [get_pblocks  {CLKAG_n_2_115_BUFG}] [get_cells -filter { PRIMITIVE_GROUP != I/O && IS_PRIMITIVE==1 && PRIMITIVE_LEVEL !=INTERNAL } -of_object [get_pins -filter {DIRECTION==IN} -of_objects [get_nets -hierarchical -filter {PARENT=="n_2_115_BUFG"}]]]
resize_pblock [get_pblocks {CLKAG_n_2_115_BUFG}] -add {CLOCKREGION_X0Y1:CLOCKREGION_X0Y1}
#endgroup

# Clock net "n_1_2346_BUFG" driven by instance "n_1_2346_BUFG_inst" located at site "BUFGCTRL_X0Y1"
#startgroup
create_pblock {CLKAG_n_1_2346_BUFG}
add_cells_to_pblock [get_pblocks  {CLKAG_n_1_2346_BUFG}] [get_cells -filter { PRIMITIVE_GROUP != I/O && IS_PRIMITIVE==1 && PRIMITIVE_LEVEL !=INTERNAL } -of_object [get_pins -filter {DIRECTION==IN} -of_objects [get_nets -hierarchical -filter {PARENT=="n_1_2346_BUFG"}]]]
resize_pblock [get_pblocks {CLKAG_n_1_2346_BUFG}] -add {CLOCKREGION_X0Y1:CLOCKREGION_X0Y1}
#endgroup

# Clock net "n_10_113_BUFG" driven by instance "n_10_113_BUFG_inst" located at site "BUFGCTRL_X0Y4"
#startgroup
create_pblock {CLKAG_n_10_113_BUFG}
add_cells_to_pblock [get_pblocks  {CLKAG_n_10_113_BUFG}] [get_cells -filter { PRIMITIVE_GROUP != I/O && IS_PRIMITIVE==1 && PRIMITIVE_LEVEL !=INTERNAL } -of_object [get_pins -filter {DIRECTION==IN} -of_objects [get_nets -hierarchical -filter {PARENT=="n_10_113_BUFG"}]]]
resize_pblock [get_pblocks {CLKAG_n_10_113_BUFG}] -add {CLOCKREGION_X0Y1:CLOCKREGION_X0Y1}
#endgroup

# Clock net "n_0_2548_BUFG" driven by instance "n_0_2548_BUFG_inst" located at site "BUFGCTRL_X0Y11"
#startgroup
create_pblock {CLKAG_n_0_2548_BUFG}
add_cells_to_pblock [get_pblocks  {CLKAG_n_0_2548_BUFG}] [get_cells -filter { PRIMITIVE_GROUP != I/O && IS_PRIMITIVE==1 && PRIMITIVE_LEVEL !=INTERNAL } -of_object [get_pins -filter {DIRECTION==IN} -of_objects [get_nets -hierarchical -filter {PARENT=="n_0_2548_BUFG"}]]]
resize_pblock [get_pblocks {CLKAG_n_0_2548_BUFG}] -add {CLOCKREGION_X0Y2:CLOCKREGION_X0Y2}
#endgroup

# Clock net "clk_uart_IBUF_BUFG" driven by instance "clk_uart_IBUF_BUFG_inst" located at site "BUFGCTRL_X0Y0"
#startgroup
create_pblock {CLKAG_clk_uart_IBUF_BUFG}
add_cells_to_pblock [get_pblocks  {CLKAG_clk_uart_IBUF_BUFG}] [get_cells -filter { PRIMITIVE_GROUP != I/O && IS_PRIMITIVE==1 && PRIMITIVE_LEVEL !=INTERNAL } -of_object [get_pins -filter {DIRECTION==IN} -of_objects [get_nets -hierarchical -filter {PARENT=="clk_uart_IBUF_BUFG"}]]]
resize_pblock [get_pblocks {CLKAG_clk_uart_IBUF_BUFG}] -add {CLOCKREGION_X0Y1:CLOCKREGION_X0Y1}
#endgroup

# Clock net "CLOCK/inst/clk_out1" driven by instance "CLOCK/inst/clkout1_buf" located at site "BUFGCTRL_X0Y16"
#startgroup
create_pblock {CLKAG_CLOCK/inst/clk_out1}
add_cells_to_pblock [get_pblocks  {CLKAG_CLOCK/inst/clk_out1}] [get_cells -filter { PRIMITIVE_GROUP != I/O && IS_PRIMITIVE==1 && PRIMITIVE_LEVEL !=INTERNAL } -of_object [get_pins -filter {DIRECTION==IN} -of_objects [get_nets -hierarchical -filter {PARENT=="CLOCK/inst/clk_out1"}]]]
resize_pblock [get_pblocks {CLKAG_CLOCK/inst/clk_out1}] -add {CLOCKREGION_X0Y1:CLOCKREGION_X0Y1 CLOCKREGION_X1Y1:CLOCKREGION_X1Y1}
#endgroup
