Copyright 1986-2017 Xilinx, Inc. All Rights Reserved.
-------------------------------------------------------------------------------------------------------------
| Tool Version : Vivado v.2017.1 (win64) Build 1846317 Fri Apr 14 18:55:03 MDT 2017
| Date         : Tue Jan  2 21:54:19 2018
| Host         : LAPTOP-QH5RPP8J running 64-bit major release  (build 9200)
| Command      : report_utilization -file MIPS_CPU_utilization_placed.rpt -pb MIPS_CPU_utilization_placed.pb
| Design       : MIPS_CPU
| Device       : 7a100tfgg676-2L
| Design State : Fully Placed
-------------------------------------------------------------------------------------------------------------

Utilization Design Information

Table of Contents
-----------------
1. Slice Logic
1.1 Summary of Registers by Type
2. Slice Logic Distribution
3. Memory
4. DSP
5. IO and GT Specific
6. Clocking
7. Specific Feature
8. Primitives
9. Black Boxes
10. Instantiated Netlists

1. Slice Logic
--------------

+----------------------------+------+-------+-----------+-------+
|          Site Type         | Used | Fixed | Available | Util% |
+----------------------------+------+-------+-----------+-------+
| Slice LUTs                 | 2551 |     0 |     63400 |  4.02 |
|   LUT as Logic             | 2503 |     0 |     63400 |  3.95 |
|   LUT as Memory            |   48 |     0 |     19000 |  0.25 |
|     LUT as Distributed RAM |   48 |     0 |           |       |
|     LUT as Shift Register  |    0 |     0 |           |       |
| Slice Registers            | 1503 |     0 |    126800 |  1.19 |
|   Register as Flip Flop    |  843 |     0 |    126800 |  0.66 |
|   Register as Latch        |  660 |     0 |    126800 |  0.52 |
| F7 Muxes                   |   25 |     0 |     31700 |  0.08 |
| F8 Muxes                   |    0 |     0 |     15850 |  0.00 |
+----------------------------+------+-------+-----------+-------+


1.1 Summary of Registers by Type
--------------------------------

+-------+--------------+-------------+--------------+
| Total | Clock Enable | Synchronous | Asynchronous |
+-------+--------------+-------------+--------------+
| 0     |            _ |           - |            - |
| 0     |            _ |           - |          Set |
| 0     |            _ |           - |        Reset |
| 0     |            _ |         Set |            - |
| 0     |            _ |       Reset |            - |
| 0     |          Yes |           - |            - |
| 0     |          Yes |           - |          Set |
| 660   |          Yes |           - |        Reset |
| 6     |          Yes |         Set |            - |
| 837   |          Yes |       Reset |            - |
+-------+--------------+-------------+--------------+


2. Slice Logic Distribution
---------------------------

+-------------------------------------------+------+-------+-----------+-------+
|                 Site Type                 | Used | Fixed | Available | Util% |
+-------------------------------------------+------+-------+-----------+-------+
| Slice                                     |  893 |     0 |     15850 |  5.63 |
|   SLICEL                                  |  607 |     0 |           |       |
|   SLICEM                                  |  286 |     0 |           |       |
| LUT as Logic                              | 2503 |     0 |     63400 |  3.95 |
|   using O5 output only                    |    0 |       |           |       |
|   using O6 output only                    | 1996 |       |           |       |
|   using O5 and O6                         |  507 |       |           |       |
| LUT as Memory                             |   48 |     0 |     19000 |  0.25 |
|   LUT as Distributed RAM                  |   48 |     0 |           |       |
|     using O5 output only                  |    0 |       |           |       |
|     using O6 output only                  |    0 |       |           |       |
|     using O5 and O6                       |   48 |       |           |       |
|   LUT as Shift Register                   |    0 |     0 |           |       |
| LUT Flip Flop Pairs                       |  383 |     0 |     63400 |  0.60 |
|   fully used LUT-FF pairs                 |   61 |       |           |       |
|   LUT-FF pairs with one unused LUT output |  203 |       |           |       |
|   LUT-FF pairs with one unused Flip Flop  |  315 |       |           |       |
| Unique Control Sets                       |   46 |       |           |       |
+-------------------------------------------+------+-------+-----------+-------+
* Note: Review the Control Sets Report for more information regarding control sets.


3. Memory
---------

+----------------+------+-------+-----------+-------+
|    Site Type   | Used | Fixed | Available | Util% |
+----------------+------+-------+-----------+-------+
| Block RAM Tile |    0 |     0 |       135 |  0.00 |
|   RAMB36/FIFO* |    0 |     0 |       135 |  0.00 |
|   RAMB18       |    0 |     0 |       270 |  0.00 |
+----------------+------+-------+-----------+-------+
* Note: Each Block RAM Tile only has one FIFO logic available and therefore can accommodate only one FIFO36E1 or one FIFO18E1. However, if a FIFO18E1 occupies a Block RAM Tile, that tile can still accommodate a RAMB18E1


4. DSP
------

+----------------+------+-------+-----------+-------+
|    Site Type   | Used | Fixed | Available | Util% |
+----------------+------+-------+-----------+-------+
| DSPs           |    8 |     0 |       240 |  3.33 |
|   DSP48E1 only |    8 |       |           |       |
+----------------+------+-------+-----------+-------+


5. IO and GT Specific
---------------------

+-----------------------------+------+-------+-----------+-------+
|          Site Type          | Used | Fixed | Available | Util% |
+-----------------------------+------+-------+-----------+-------+
| Bonded IOB                  |  155 |   155 |       300 | 51.67 |
|   IOB Master Pads           |   72 |       |           |       |
|   IOB Slave Pads            |   76 |       |           |       |
| Bonded IPADs                |    0 |     0 |        26 |  0.00 |
| Bonded OPADs                |    0 |     0 |        16 |  0.00 |
| PHY_CONTROL                 |    0 |     0 |         6 |  0.00 |
| PHASER_REF                  |    0 |     0 |         6 |  0.00 |
| OUT_FIFO                    |    0 |     0 |        24 |  0.00 |
| IN_FIFO                     |    0 |     0 |        24 |  0.00 |
| IDELAYCTRL                  |    0 |     0 |         6 |  0.00 |
| IBUFDS                      |    0 |     0 |       288 |  0.00 |
| GTPE2_CHANNEL               |    0 |     0 |         8 |  0.00 |
| PHASER_OUT/PHASER_OUT_PHY   |    0 |     0 |        24 |  0.00 |
| PHASER_IN/PHASER_IN_PHY     |    0 |     0 |        24 |  0.00 |
| IDELAYE2/IDELAYE2_FINEDELAY |    0 |     0 |       300 |  0.00 |
| IBUFDS_GTE2                 |    0 |     0 |         4 |  0.00 |
| ILOGIC                      |    0 |     0 |       300 |  0.00 |
| OLOGIC                      |    0 |     0 |       300 |  0.00 |
+-----------------------------+------+-------+-----------+-------+


6. Clocking
-----------

+------------+------+-------+-----------+-------+
|  Site Type | Used | Fixed | Available | Util% |
+------------+------+-------+-----------+-------+
| BUFGCTRL   |   12 |     0 |        32 | 37.50 |
| BUFIO      |    0 |     0 |        24 |  0.00 |
| MMCME2_ADV |    0 |     0 |         6 |  0.00 |
| PLLE2_ADV  |    0 |     0 |         6 |  0.00 |
| BUFMRCE    |    0 |     0 |        12 |  0.00 |
| BUFHCE     |    0 |     0 |        96 |  0.00 |
| BUFR       |    0 |     0 |        24 |  0.00 |
+------------+------+-------+-----------+-------+


7. Specific Feature
-------------------

+-------------+------+-------+-----------+-------+
|  Site Type  | Used | Fixed | Available | Util% |
+-------------+------+-------+-----------+-------+
| BSCANE2     |    0 |     0 |         4 |  0.00 |
| CAPTUREE2   |    0 |     0 |         1 |  0.00 |
| DNA_PORT    |    0 |     0 |         1 |  0.00 |
| EFUSE_USR   |    0 |     0 |         1 |  0.00 |
| FRAME_ECCE2 |    0 |     0 |         1 |  0.00 |
| ICAPE2      |    0 |     0 |         2 |  0.00 |
| PCIE_2_1    |    0 |     0 |         1 |  0.00 |
| STARTUPE2   |    0 |     0 |         1 |  0.00 |
| XADC        |    0 |     0 |         1 |  0.00 |
+-------------+------+-------+-----------+-------+


8. Primitives
-------------

+----------+------+---------------------+
| Ref Name | Used | Functional Category |
+----------+------+---------------------+
| LUT6     | 1058 |                 LUT |
| FDRE     |  837 |        Flop & Latch |
| LUT2     |  679 |                 LUT |
| LDCE     |  660 |        Flop & Latch |
| LUT5     |  458 |                 LUT |
| LUT4     |  393 |                 LUT |
| LUT3     |  272 |                 LUT |
| LUT1     |  150 |                 LUT |
| CARRY4   |  145 |          CarryLogic |
| OBUF     |   79 |                  IO |
| RAMD32   |   72 |  Distributed Memory |
| OBUFT    |   72 |                  IO |
| IBUF     |   68 |                  IO |
| MUXF7    |   25 |               MuxFx |
| RAMS32   |   24 |  Distributed Memory |
| BUFG     |   12 |               Clock |
| DSP48E1  |    8 |    Block Arithmetic |
| FDSE     |    6 |        Flop & Latch |
+----------+------+---------------------+


9. Black Boxes
--------------

+----------+------+
| Ref Name | Used |
+----------+------+


10. Instantiated Netlists
-------------------------

+----------+------+
| Ref Name | Used |
+----------+------+


